  Source.cpp
c:\users\josep\documents\visual studio 2015\projects\homework9q1s2\homework9q1s2\source.cpp(43): warning C4018: '<': signed/unsigned mismatch
c:\users\josep\documents\visual studio 2015\projects\homework9q1s2\homework9q1s2\source.cpp(83): error C2440: '<function-style-cast>': cannot convert from 'initializer list' to 'BA'
  c:\users\josep\documents\visual studio 2015\projects\homework9q1s2\homework9q1s2\source.cpp(83): note: No constructor could take the source type, or constructor overload resolution was ambiguous
c:\users\josep\documents\visual studio 2015\projects\homework9q1s2\homework9q1s2\source.cpp(83): error C2661: 'std::vector<Student,std::allocator<_Ty>>::insert': no overloaded function takes 1 arguments
          with
          [
              _Ty=Student
          ]
c:\users\josep\documents\visual studio 2015\projects\homework9q1s2\homework9q1s2\source.cpp(86): error C2440: '<function-style-cast>': cannot convert from 'initializer list' to 'MA'
  c:\users\josep\documents\visual studio 2015\projects\homework9q1s2\homework9q1s2\source.cpp(86): note: No constructor could take the source type, or constructor overload resolution was ambiguous
c:\users\josep\documents\visual studio 2015\projects\homework9q1s2\homework9q1s2\source.cpp(86): error C2661: 'std::vector<Student,std::allocator<_Ty>>::insert': no overloaded function takes 1 arguments
          with
          [
              _Ty=Student
          ]
c:\users\josep\documents\visual studio 2015\projects\homework9q1s2\homework9q1s2\source.cpp(89): error C2440: '<function-style-cast>': cannot convert from 'initializer list' to 'PHD'
  c:\users\josep\documents\visual studio 2015\projects\homework9q1s2\homework9q1s2\source.cpp(89): note: No constructor could take the source type, or constructor overload resolution was ambiguous
c:\users\josep\documents\visual studio 2015\projects\homework9q1s2\homework9q1s2\source.cpp(89): error C2661: 'std::vector<Student,std::allocator<_Ty>>::insert': no overloaded function takes 1 arguments
          with
          [
              _Ty=Student
          ]
c:\users\josep\documents\visual studio 2015\projects\homework9q1s2\homework9q1s2\source.cpp(95): warning C4018: '<': signed/unsigned mismatch
c:\users\josep\documents\visual studio 2015\projects\homework9q1s2\homework9q1s2\source.cpp(104): warning C4018: '<': signed/unsigned mismatch
c:\users\josep\documents\visual studio 2015\projects\homework9q1s2\homework9q1s2\source.cpp(115): warning C4018: '<': signed/unsigned mismatch
c:\users\josep\documents\visual studio 2015\projects\homework9q1s2\homework9q1s2\source.cpp(116): error C2039: 'getResearch': is not a member of 'Student'
  c:\users\josep\documents\visual studio 2015\projects\homework9q1s2\homework9q1s2\student.h(6): note: see declaration of 'Student'
c:\users\josep\documents\visual studio 2015\projects\homework9q1s2\homework9q1s2\source.cpp(145): warning C4018: '<': signed/unsigned mismatch
c:\users\josep\documents\visual studio 2015\projects\homework9q1s2\homework9q1s2\source.cpp(153): warning C4018: '<': signed/unsigned mismatch
c:\users\josep\documents\visual studio 2015\projects\homework9q1s2\homework9q1s2\source.cpp(154): error C2039: 'getResearch': is not a member of 'Student'
  c:\users\josep\documents\visual studio 2015\projects\homework9q1s2\homework9q1s2\student.h(6): note: see declaration of 'Student'
c:\users\josep\documents\visual studio 2015\projects\homework9q1s2\homework9q1s2\source.cpp(154): warning C4353: nonstandard extension used: constant 0 as function expression.  Use '__noop' function intrinsic instead
c:\users\josep\documents\visual studio 2015\projects\homework9q1s2\homework9q1s2\source.cpp(161): warning C4018: '<': signed/unsigned mismatch
c:\users\josep\documents\visual studio 2015\projects\homework9q1s2\homework9q1s2\source.cpp(170): warning C4018: '<': signed/unsigned mismatch
c:\users\josep\documents\visual studio 2015\projects\homework9q1s2\homework9q1s2\source.cpp(176): warning C4018: '<': signed/unsigned mismatch
  Generating Code...
  Compiling...
  BA.cpp
  Generating Code...
  Compiling...
  Student.cpp
  PHD.cpp
  MA.cpp
  Generating Code...
